########### array before sorts ###########
0	0.000000	0.000000	101.000559	0.000000	n
1	101.000559	0.000000	101.000559	67.000000	n
2	101.000559	67.000000	0.000000	67.000000	n
3	0.000000	67.000000	0.000000	0.000000	n
4	41.010838	41.158159	84.825838	41.158159	n
5	84.825838	41.158159	84.825838	29.728159	n
6	84.825838	29.728159	41.010838	29.728159	n
7	41.010838	29.728159	41.010838	41.158159	n
Tolerance=0.050000.
*Exact match for i=0 and j=1.
*i point 0.000000	0.000000	101.000559	0.000000	y
*Exact match for i=1 and j=2.
*i point 101.000559	0.000000	101.000559	67.000000	y
*Exact match for i=2 and j=3.
*i point 101.000559	67.000000	0.000000	67.000000	y
*Exact match for i=4 and j=5.
*i point 41.010838	41.158159	84.825838	41.158159	y
*Exact match for i=5 and j=6.
*i point 84.825838	41.158159	84.825838	29.728159	y
*Exact match for i=6 and j=7.
*i point 84.825838	29.728159	41.010838	29.728159	y
########### array after sorts ###########
0	0.000000	0.000000	101.000559	0.000000	y
1	101.000559	0.000000	101.000559	67.000000	y
2	101.000559	67.000000	0.000000	67.000000	y
3	0.000000	67.000000	0.000000	0.000000	y
4	41.010838	41.158159	84.825838	41.158159	y
5	84.825838	41.158159	84.825838	29.728159	y
6	84.825838	29.728159	41.010838	29.728159	y
7	41.010838	29.728159	41.010838	41.158159	y
***************
.BOARD_OUTLINE UNOWNED
1.6
0     0.000000     0.000000     0
0     101.000559     0.000000     0
0     101.000559     67.000000     0
0     0.000000     67.000000     0
0     0.000000     0.000000     0
1     41.010838     41.158159     0
1     84.825838     41.158159     0
1     84.825838     29.728159     0
1     41.010838     29.728159     0
1     41.010838     41.158159     0
