 PATH New_Swoop FOUND 
Scale factor = 1.000000
 0) 0.00,35.30
    0.00,45.70
 PATH  FOUND 
Scale factor = 1.000000
 1) 0.00,0.00
 PATH  FOUND 
Scale factor = 1.000000
 2) 0.00,0.00
 PATH  FOUND 
Scale factor = 1.000000
 3) 0.00,0.00
 PATH  FOUND 
Scale factor = 1.000000
 4) 0.00,0.00
 PATH  FOUND 
Scale factor = 1.000000
 5) 0.00,28.30
 PATH  FOUND 
Scale factor = 1.000000
 6) 0.00,39.50
 PATH  FOUND 
Scale factor = 1.000000
 7) 0.00,41.00
 PATH  FOUND 
Scale factor = 1.000000
 8) 0.00,40.30
 PATH  FOUND 
Scale factor = 1.000000
 9) 0.00,40.30
 PATH  FOUND 
Scale factor = 1.000000
10) 0.00,39.50
 PATH  FOUND 
Scale factor = 1.000000
11) 0.00,0.00
 PATH  FOUND 
Scale factor = 1.000000
12) 0.00,0.00
 PATH  FOUND 
Scale factor = 1.000000
13) 0.00,0.00
 PATH  FOUND 
Scale factor = 1.000000
14) 0.00,0.00
 PATH  FOUND 
Scale factor = 1.000000
15) 0.00,0.00
 PATH  FOUND 
Scale factor = 1.000000
16) 0.00,0.00
 PATH  FOUND 
Scale factor = 1.000000
17) 0.00,0.00
 PATH  FOUND 
Scale factor = 1.000000
18) 0.00,0.00
 PATH  FOUND 
Scale factor = 1.000000
19) 0.00,0.00
 PATH  FOUND 
Scale factor = 1.000000
20) 0.00,0.00
 PATH  FOUND 
Scale factor = 1.000000
21) 0.00,0.00
 PATH  FOUND 
Scale factor = 1.000000
22) 0.00,0.00
 PATH Old_Swoop FOUND 
Scale factor = 1.000000
23) 0.00,68.40
    0.00,93.00
    0.00,105.80

Object origin:
0.000000 52.900000

Eagle Command:
set wire_bend 2;
change layer tNames;
set width 0.000500;
poly (R 0.000000 0.176000) (R 0.000000 0.072000) (R 0.000000 0.176000);
poly (R 0.000000 0.529000) (R 0.000000 0.529000);
poly (R 0.000000 0.529000) (R 0.000000 0.529000);
poly (R 0.000000 0.529000) (R 0.000000 0.529000);
poly (R 0.000000 0.529000) (R 0.000000 0.529000);
poly (R 0.000000 0.246000) (R 0.000000 0.246000);
poly (R 0.000000 0.134000) (R 0.000000 0.134000);
poly (R 0.000000 0.119000) (R 0.000000 0.119000);
poly (R 0.000000 0.126000) (R 0.000000 0.126000);
poly (R 0.000000 0.126000) (R 0.000000 0.126000);
poly (R 0.000000 0.134000) (R 0.000000 0.134000);
poly (R 0.000000 0.529000) (R 0.000000 0.529000);
poly (R 0.000000 0.529000) (R 0.000000 0.529000);
poly (R 0.000000 0.529000) (R 0.000000 0.529000);
poly (R 0.000000 0.529000) (R 0.000000 0.529000);
poly (R 0.000000 0.529000) (R 0.000000 0.529000);
poly (R 0.000000 0.529000) (R 0.000000 0.529000);
poly (R 0.000000 0.529000) (R 0.000000 0.529000);
poly (R 0.000000 0.529000) (R 0.000000 0.529000);
poly (R 0.000000 0.529000) (R 0.000000 0.529000);
poly (R 0.000000 0.529000) (R 0.000000 0.529000);
poly (R 0.000000 0.529000) (R 0.000000 0.529000);
poly (R 0.000000 0.529000) (R 0.000000 0.529000);
poly (R 0.000000 -0.155000) (R 0.000000 -0.401000) (R 0.000000 -0.529000) (R 0.000000 -0.155000);

